<?xml version="1.0" encoding="UTF-8"?>
<!-- Generated by org.testng.reporters.JUnitReportReporter -->
<testsuite hostname="DESKTOP-F05B0AK" failures="0" tests="1" name="Test.VRLTest" time="2.153" errors="0" timestamp="2023-12-28T13:41:20 IST" skipped="0">
  <testcase classname="Test.VRLTest" name="testing" time="2.153"/>
  <system-out/>
</testsuite> <!-- Test.VRLTest -->
